Starting Monte Carlo Sampling...

Current time: Wed Jan 21 17:10:09 2026 

Variation: Mismatch
Sampling Method: Low-Discrepancy Sequence
Seed: 12345

ExplorerRun.0
Number of points completed: 200
Number of simulation errors: 0
ExplorerRun.0 completed. 
Current time: Wed Jan 21 17:12:29 2026 
Monte Carlo Sampling yield summary:
Number of spec values are in this yield data: 3
Op_amp_Op_amp_tb_1	Nominal - 
	Voffset:	Yield	100%
		Min -0.0270969	Max 0.0233502	Mean -0.00128441	Number of errors 0
Op_amp_Op_amp_tb_1	FF_T_125 - 
	Voffset:	Yield	100%
		Min -0.0290284	Max 0.0232982	Mean -0.00157888	Number of errors 0
Op_amp_Op_amp_tb_1	SS_T_M40 - 
	Voffset:	Yield	100%
		Min -0.0314163	Max 0.0272618	Mean -0.000560719	Number of errors 0

Op_amp_Op_amp_tb_1
	Overall Yield	100%	Number of points passed	200	Total number of points	200

Estimated yield = 100% (200/200), 0 errors
Estimated yield (No opregions) = 100% (200/200)
